<?xml version="1.0" encoding="UTF-8"?>
<robot generator="Robot 4.1.2 (Python 3.10.0 on win32)" generated="20211127 16:22:33.875" rpa="false" schemaversion="2">
<suite id="s1" name="Arrays" source="C:\Users\maflo\OneDrive\Escritorio\Automatio\ArrayyLoops\Arrays.robot">
<test id="s1-t1" name="C001 Hacer click en Contenedores">
<kw name="Open Homepage">
<kw name="Open Browser" library="SeleniumLibrary">
<arg>${testUrl}</arg>
<arg>${browser}</arg>
<doc>Opens a new browser instance to the optional ``url``.</doc>
<msg timestamp="20211127 16:22:34.113" level="INFO">Opening browser 'chrome' to base url 'http://automationpractice.com/index.php'.</msg>
<status status="PASS" starttime="20211127 16:22:34.112" endtime="20211127 16:22:39.814"/>
</kw>
<status status="PASS" starttime="20211127 16:22:34.112" endtime="20211127 16:22:39.814"/>
</kw>
<kw name="Set Global Variable" library="BuiltIn">
<arg>@{nombresDeContenedores}</arg>
<arg>//*[@id="homefeatured"]/li[1]/div/div[2]/h5/a</arg>
<arg>//*[@id="homefeatured"]/li[2]/div/div[2]/h5/a</arg>
<arg>//*[@id="homefeatured"]/li[3]/div/div[2]/h5/a</arg>
<arg>//*[@id="homefeatured"]/li[4]/div/div[2]/h5/a</arg>
<arg>//*[@id="homefeatured"]/li[5]/div/div[2]/h5/a</arg>
<arg>//*[@id="homefeatured"]/li[6]/div/div[2]/h5/a</arg>
<arg>//*[@id="homefeatured"]/li[7]/div/div[2]/h5/a</arg>
<doc>Makes a variable available globally in all tests and suites.</doc>
<msg timestamp="20211127 16:22:39.818" level="INFO">@{nombresDeContenedores} = [ //*[@id="homefeatured"]/li[1]/div/div[2]/h5/a | //*[@id="homefeatured"]/li[2]/div/div[2]/h5/a | //*[@id="homefeatured"]/li[3]/div/div[2]/h5/a | //*[@id="homefeatured"]/li[4]/div/div[2]/h5/a | //*[@i...</msg>
<status status="PASS" starttime="20211127 16:22:39.816" endtime="20211127 16:22:39.818"/>
</kw>
<for flavor="IN">
<var>${nombreDeContenedor}</var>
<value>@{nombresDeContenedores}</value>
<iter>
<var name="${nombreDeContenedor}">//*[@id="homefeatured"]/li[1]/div/div[2]/h5/a</var>
<kw name="Run Keyword If" library="BuiltIn">
<arg>'${nombreDeContenedor}'=='//*[@id="homefeatured"]/li[7]/div/div[2]/h5/a'</arg>
<arg>Exit For Loop</arg>
<doc>Runs the given keyword with the given arguments, if ``condition`` is true.</doc>
<status status="PASS" starttime="20211127 16:22:39.819" endtime="20211127 16:22:39.819"/>
</kw>
<kw name="Click Element" library="SeleniumLibrary">
<arg>xpath=${nombreDeContenedor}</arg>
<doc>Click the element identified by ``locator``.</doc>
<msg timestamp="20211127 16:22:39.820" level="INFO">Clicking element 'xpath=//*[@id="homefeatured"]/li[1]/div/div[2]/h5/a'.</msg>
<status status="PASS" starttime="20211127 16:22:39.819" endtime="20211127 16:22:41.985"/>
</kw>
<kw name="Wait Until Element Is Visible" library="SeleniumLibrary">
<arg>xpath=//*[@id="bigpic"]</arg>
<doc>Waits until the element ``locator`` is visible.</doc>
<status status="PASS" starttime="20211127 16:22:41.985" endtime="20211127 16:22:42.015"/>
</kw>
<kw name="Click Element" library="SeleniumLibrary">
<arg>xpath=//*[@id="header_logo"]/a/img</arg>
<doc>Click the element identified by ``locator``.</doc>
<msg timestamp="20211127 16:22:42.015" level="INFO">Clicking element 'xpath=//*[@id="header_logo"]/a/img'.</msg>
<status status="PASS" starttime="20211127 16:22:42.015" endtime="20211127 16:22:44.706"/>
</kw>
<status status="PASS" starttime="20211127 16:22:39.819" endtime="20211127 16:22:44.706"/>
</iter>
<iter>
<var name="${nombreDeContenedor}">//*[@id="homefeatured"]/li[2]/div/div[2]/h5/a</var>
<kw name="Run Keyword If" library="BuiltIn">
<arg>'${nombreDeContenedor}'=='//*[@id="homefeatured"]/li[7]/div/div[2]/h5/a'</arg>
<arg>Exit For Loop</arg>
<doc>Runs the given keyword with the given arguments, if ``condition`` is true.</doc>
<status status="PASS" starttime="20211127 16:22:44.707" endtime="20211127 16:22:44.707"/>
</kw>
<kw name="Click Element" library="SeleniumLibrary">
<arg>xpath=${nombreDeContenedor}</arg>
<doc>Click the element identified by ``locator``.</doc>
<msg timestamp="20211127 16:22:44.708" level="INFO">Clicking element 'xpath=//*[@id="homefeatured"]/li[2]/div/div[2]/h5/a'.</msg>
<status status="PASS" starttime="20211127 16:22:44.708" endtime="20211127 16:22:46.410"/>
</kw>
<kw name="Wait Until Element Is Visible" library="SeleniumLibrary">
<arg>xpath=//*[@id="bigpic"]</arg>
<doc>Waits until the element ``locator`` is visible.</doc>
<status status="PASS" starttime="20211127 16:22:46.410" endtime="20211127 16:22:46.432"/>
</kw>
<kw name="Click Element" library="SeleniumLibrary">
<arg>xpath=//*[@id="header_logo"]/a/img</arg>
<doc>Click the element identified by ``locator``.</doc>
<msg timestamp="20211127 16:22:46.432" level="INFO">Clicking element 'xpath=//*[@id="header_logo"]/a/img'.</msg>
<status status="PASS" starttime="20211127 16:22:46.432" endtime="20211127 16:22:48.218"/>
</kw>
<status status="PASS" starttime="20211127 16:22:44.706" endtime="20211127 16:22:48.218"/>
</iter>
<iter>
<var name="${nombreDeContenedor}">//*[@id="homefeatured"]/li[3]/div/div[2]/h5/a</var>
<kw name="Run Keyword If" library="BuiltIn">
<arg>'${nombreDeContenedor}'=='//*[@id="homefeatured"]/li[7]/div/div[2]/h5/a'</arg>
<arg>Exit For Loop</arg>
<doc>Runs the given keyword with the given arguments, if ``condition`` is true.</doc>
<status status="PASS" starttime="20211127 16:22:48.218" endtime="20211127 16:22:48.218"/>
</kw>
<kw name="Click Element" library="SeleniumLibrary">
<arg>xpath=${nombreDeContenedor}</arg>
<doc>Click the element identified by ``locator``.</doc>
<msg timestamp="20211127 16:22:48.219" level="INFO">Clicking element 'xpath=//*[@id="homefeatured"]/li[3]/div/div[2]/h5/a'.</msg>
<status status="PASS" starttime="20211127 16:22:48.218" endtime="20211127 16:22:49.979"/>
</kw>
<kw name="Wait Until Element Is Visible" library="SeleniumLibrary">
<arg>xpath=//*[@id="bigpic"]</arg>
<doc>Waits until the element ``locator`` is visible.</doc>
<status status="PASS" starttime="20211127 16:22:49.979" endtime="20211127 16:22:50.005"/>
</kw>
<kw name="Click Element" library="SeleniumLibrary">
<arg>xpath=//*[@id="header_logo"]/a/img</arg>
<doc>Click the element identified by ``locator``.</doc>
<msg timestamp="20211127 16:22:50.005" level="INFO">Clicking element 'xpath=//*[@id="header_logo"]/a/img'.</msg>
<status status="PASS" starttime="20211127 16:22:50.005" endtime="20211127 16:22:52.676"/>
</kw>
<status status="PASS" starttime="20211127 16:22:48.218" endtime="20211127 16:22:52.676"/>
</iter>
<iter>
<var name="${nombreDeContenedor}">//*[@id="homefeatured"]/li[4]/div/div[2]/h5/a</var>
<kw name="Run Keyword If" library="BuiltIn">
<arg>'${nombreDeContenedor}'=='//*[@id="homefeatured"]/li[7]/div/div[2]/h5/a'</arg>
<arg>Exit For Loop</arg>
<doc>Runs the given keyword with the given arguments, if ``condition`` is true.</doc>
<status status="PASS" starttime="20211127 16:22:52.676" endtime="20211127 16:22:52.676"/>
</kw>
<kw name="Click Element" library="SeleniumLibrary">
<arg>xpath=${nombreDeContenedor}</arg>
<doc>Click the element identified by ``locator``.</doc>
<msg timestamp="20211127 16:22:52.677" level="INFO">Clicking element 'xpath=//*[@id="homefeatured"]/li[4]/div/div[2]/h5/a'.</msg>
<status status="PASS" starttime="20211127 16:22:52.676" endtime="20211127 16:22:55.634"/>
</kw>
<kw name="Wait Until Element Is Visible" library="SeleniumLibrary">
<arg>xpath=//*[@id="bigpic"]</arg>
<doc>Waits until the element ``locator`` is visible.</doc>
<status status="PASS" starttime="20211127 16:22:55.634" endtime="20211127 16:22:55.659"/>
</kw>
<kw name="Click Element" library="SeleniumLibrary">
<arg>xpath=//*[@id="header_logo"]/a/img</arg>
<doc>Click the element identified by ``locator``.</doc>
<msg timestamp="20211127 16:22:55.659" level="INFO">Clicking element 'xpath=//*[@id="header_logo"]/a/img'.</msg>
<status status="PASS" starttime="20211127 16:22:55.659" endtime="20211127 16:22:57.748"/>
</kw>
<status status="PASS" starttime="20211127 16:22:52.676" endtime="20211127 16:22:57.748"/>
</iter>
<iter>
<var name="${nombreDeContenedor}">//*[@id="homefeatured"]/li[5]/div/div[2]/h5/a</var>
<kw name="Run Keyword If" library="BuiltIn">
<arg>'${nombreDeContenedor}'=='//*[@id="homefeatured"]/li[7]/div/div[2]/h5/a'</arg>
<arg>Exit For Loop</arg>
<doc>Runs the given keyword with the given arguments, if ``condition`` is true.</doc>
<status status="PASS" starttime="20211127 16:22:57.749" endtime="20211127 16:22:57.749"/>
</kw>
<kw name="Click Element" library="SeleniumLibrary">
<arg>xpath=${nombreDeContenedor}</arg>
<doc>Click the element identified by ``locator``.</doc>
<msg timestamp="20211127 16:22:57.750" level="INFO">Clicking element 'xpath=//*[@id="homefeatured"]/li[5]/div/div[2]/h5/a'.</msg>
<status status="PASS" starttime="20211127 16:22:57.749" endtime="20211127 16:22:59.632"/>
</kw>
<kw name="Wait Until Element Is Visible" library="SeleniumLibrary">
<arg>xpath=//*[@id="bigpic"]</arg>
<doc>Waits until the element ``locator`` is visible.</doc>
<status status="PASS" starttime="20211127 16:22:59.632" endtime="20211127 16:22:59.659"/>
</kw>
<kw name="Click Element" library="SeleniumLibrary">
<arg>xpath=//*[@id="header_logo"]/a/img</arg>
<doc>Click the element identified by ``locator``.</doc>
<msg timestamp="20211127 16:22:59.660" level="INFO">Clicking element 'xpath=//*[@id="header_logo"]/a/img'.</msg>
<status status="PASS" starttime="20211127 16:22:59.659" endtime="20211127 16:23:02.534"/>
</kw>
<status status="PASS" starttime="20211127 16:22:57.749" endtime="20211127 16:23:02.534"/>
</iter>
<iter>
<var name="${nombreDeContenedor}">//*[@id="homefeatured"]/li[6]/div/div[2]/h5/a</var>
<kw name="Run Keyword If" library="BuiltIn">
<arg>'${nombreDeContenedor}'=='//*[@id="homefeatured"]/li[7]/div/div[2]/h5/a'</arg>
<arg>Exit For Loop</arg>
<doc>Runs the given keyword with the given arguments, if ``condition`` is true.</doc>
<status status="PASS" starttime="20211127 16:23:02.535" endtime="20211127 16:23:02.535"/>
</kw>
<kw name="Click Element" library="SeleniumLibrary">
<arg>xpath=${nombreDeContenedor}</arg>
<doc>Click the element identified by ``locator``.</doc>
<msg timestamp="20211127 16:23:02.536" level="INFO">Clicking element 'xpath=//*[@id="homefeatured"]/li[6]/div/div[2]/h5/a'.</msg>
<status status="PASS" starttime="20211127 16:23:02.535" endtime="20211127 16:23:05.437"/>
</kw>
<kw name="Wait Until Element Is Visible" library="SeleniumLibrary">
<arg>xpath=//*[@id="bigpic"]</arg>
<doc>Waits until the element ``locator`` is visible.</doc>
<status status="PASS" starttime="20211127 16:23:05.437" endtime="20211127 16:23:05.457"/>
</kw>
<kw name="Click Element" library="SeleniumLibrary">
<arg>xpath=//*[@id="header_logo"]/a/img</arg>
<doc>Click the element identified by ``locator``.</doc>
<msg timestamp="20211127 16:23:05.458" level="INFO">Clicking element 'xpath=//*[@id="header_logo"]/a/img'.</msg>
<status status="PASS" starttime="20211127 16:23:05.457" endtime="20211127 16:23:07.810"/>
</kw>
<status status="PASS" starttime="20211127 16:23:02.535" endtime="20211127 16:23:07.810"/>
</iter>
<iter>
<var name="${nombreDeContenedor}">//*[@id="homefeatured"]/li[7]/div/div[2]/h5/a</var>
<kw name="Run Keyword If" library="BuiltIn">
<arg>'${nombreDeContenedor}'=='//*[@id="homefeatured"]/li[7]/div/div[2]/h5/a'</arg>
<arg>Exit For Loop</arg>
<doc>Runs the given keyword with the given arguments, if ``condition`` is true.</doc>
<kw name="Exit For Loop" library="BuiltIn">
<doc>Stops executing the enclosing for loop.</doc>
<msg timestamp="20211127 16:23:07.810" level="INFO">Exiting for loop altogether.</msg>
<status status="PASS" starttime="20211127 16:23:07.810" endtime="20211127 16:23:07.811"/>
</kw>
<status status="PASS" starttime="20211127 16:23:07.810" endtime="20211127 16:23:07.811"/>
</kw>
<status status="PASS" starttime="20211127 16:23:07.810" endtime="20211127 16:23:07.811"/>
</iter>
<status status="PASS" starttime="20211127 16:22:39.818" endtime="20211127 16:23:07.811"/>
</for>
<kw name="Close Browser" library="SeleniumLibrary">
<doc>Closes the current browser.</doc>
<status status="PASS" starttime="20211127 16:23:07.812" endtime="20211127 16:23:09.927"/>
</kw>
<status status="PASS" starttime="20211127 16:22:34.111" endtime="20211127 16:23:09.928"/>
</test>
<status status="PASS" starttime="20211127 16:22:33.877" endtime="20211127 16:23:09.929"/>
</suite>
<statistics>
<total>
<stat pass="1" fail="0" skip="0">All Tests</stat>
</total>
<tag>
</tag>
<suite>
<stat pass="1" fail="0" skip="0" id="s1" name="Arrays">Arrays</stat>
</suite>
</statistics>
<errors>
</errors>
</robot>
